{"D:\\курсы\\курс_программирования\\Vue\\vue_lessons\\les1_proj\\.eslintrc.js": {"path":"D:\\курсы\\курс_программирования\\Vue\\vue_lessons\\les1_proj\\.eslintrc.js","statementMap":{"0":{"start":{"line":1,"column":0},"end":{"line":17,"column":1}}},"fnMap":{},"branchMap":{"0":{"loc":{"start":{"line":14,"column":18},"end":{"line":14,"column":72}},"type":"cond-expr","locations":[{"start":{"line":14,"column":58},"end":{"line":14,"column":64}},{"start":{"line":14,"column":67},"end":{"line":14,"column":72}}],"line":14},"1":{"loc":{"start":{"line":15,"column":19},"end":{"line":15,"column":73}},"type":"cond-expr","locations":[{"start":{"line":15,"column":59},"end":{"line":15,"column":65}},{"start":{"line":15,"column":68},"end":{"line":15,"column":73}}],"line":15}},"s":{"0":0},"f":{},"b":{"0":[0,0],"1":[0,0]}}
,"D:\\курсы\\курс_программирования\\Vue\\vue_lessons\\les1_proj\\babel.config.js": {"path":"D:\\курсы\\курс_программирования\\Vue\\vue_lessons\\les1_proj\\babel.config.js","statementMap":{"0":{"start":{"line":1,"column":0},"end":{"line":5,"column":2}}},"fnMap":{},"branchMap":{},"s":{"0":0},"f":{},"b":{}}
,"D:\\курсы\\курс_программирования\\Vue\\vue_lessons\\les1_proj\\src\\App.vue": {"path":"D:\\курсы\\курс_программирования\\Vue\\vue_lessons\\les1_proj\\src\\App.vue","statementMap":{"0":{"start":{"line":10,"column":0},"end":{"line":10,"column":null}},"1":{"start":{"line":11,"column":0},"end":{"line":11,"column":null}}},"fnMap":{},"branchMap":{},"s":{"0":0,"1":0},"f":{},"b":{}}
,"D:\\курсы\\курс_программирования\\Vue\\vue_lessons\\les1_proj\\src\\main.js": {"path":"D:\\курсы\\курс_программирования\\Vue\\vue_lessons\\les1_proj\\src\\main.js","statementMap":{"0":{"start":{"line":4,"column":0},"end":{"line":4,"column":32}},"1":{"start":{"line":6,"column":0},"end":{"line":8,"column":17}},"2":{"start":{"line":7,"column":15},"end":{"line":7,"column":21}}},"fnMap":{"0":{"name":"(anonymous_0)","decl":{"start":{"line":7,"column":10},"end":{"line":7,"column":11}},"loc":{"start":{"line":7,"column":15},"end":{"line":7,"column":21}},"line":7}},"branchMap":{},"s":{"0":0,"1":0,"2":0},"f":{"0":0},"b":{}}
,"D:\\курсы\\курс_программирования\\Vue\\vue_lessons\\les1_proj\\src\\components\\calculator.vue": {"path":"D:\\курсы\\курс_программирования\\Vue\\vue_lessons\\les1_proj\\src\\components\\calculator.vue","statementMap":{"0":{"start":{"line":75,"column":0},"end":{"line":75,"column":null}},"1":{"start":{"line":89,"column":0},"end":{"line":89,"column":null}},"2":{"start":{"line":92,"column":0},"end":{"line":92,"column":null}},"3":{"start":{"line":95,"column":0},"end":{"line":95,"column":null}},"4":{"start":{"line":98,"column":0},"end":{"line":98,"column":null}},"5":{"start":{"line":101,"column":0},"end":{"line":105,"column":null}},"6":{"start":{"line":102,"column":0},"end":{"line":102,"column":null}},"7":{"start":{"line":104,"column":0},"end":{"line":104,"column":null}},"8":{"start":{"line":108,"column":0},"end":{"line":108,"column":null}},"9":{"start":{"line":111,"column":0},"end":{"line":111,"column":null}},"10":{"start":{"line":112,"column":0},"end":{"line":112,"column":null}},"11":{"start":{"line":113,"column":0},"end":{"line":113,"column":null}},"12":{"start":{"line":115,"column":0},"end":{"line":115,"column":null}},"13":{"start":{"line":116,"column":0},"end":{"line":116,"column":null}},"14":{"start":{"line":118,"column":0},"end":{"line":118,"column":null}},"15":{"start":{"line":119,"column":0},"end":{"line":119,"column":null}},"16":{"start":{"line":121,"column":0},"end":{"line":121,"column":null}},"17":{"start":{"line":122,"column":0},"end":{"line":122,"column":null}},"18":{"start":{"line":124,"column":0},"end":{"line":124,"column":null}},"19":{"start":{"line":125,"column":0},"end":{"line":125,"column":null}},"20":{"start":{"line":127,"column":0},"end":{"line":127,"column":null}},"21":{"start":{"line":128,"column":0},"end":{"line":128,"column":null}},"22":{"start":{"line":130,"column":0},"end":{"line":130,"column":null}},"23":{"start":{"line":135,"column":0},"end":{"line":135,"column":null}}},"fnMap":{"0":{"name":"data","decl":{"start":{"line":74,"column":0},"end":{"line":74,"column":null}},"loc":{"start":{"line":74,"column":0},"end":{"line":86,"column":null}}},"1":{"name":"boardButton","decl":{"start":{"line":88,"column":0},"end":{"line":88,"column":null}},"loc":{"start":{"line":88,"column":0},"end":{"line":90,"column":null}}},"2":{"name":"summary","decl":{"start":{"line":91,"column":0},"end":{"line":91,"column":null}},"loc":{"start":{"line":91,"column":0},"end":{"line":93,"column":null}}},"3":{"name":"subtraction","decl":{"start":{"line":94,"column":0},"end":{"line":94,"column":null}},"loc":{"start":{"line":94,"column":0},"end":{"line":96,"column":null}}},"4":{"name":"multiply","decl":{"start":{"line":97,"column":0},"end":{"line":97,"column":null}},"loc":{"start":{"line":97,"column":0},"end":{"line":99,"column":null}}},"5":{"name":"division","decl":{"start":{"line":100,"column":0},"end":{"line":100,"column":null}},"loc":{"start":{"line":100,"column":0},"end":{"line":106,"column":null}}},"6":{"name":"exponentiation","decl":{"start":{"line":107,"column":0},"end":{"line":107,"column":null}},"loc":{"start":{"line":107,"column":0},"end":{"line":109,"column":null}}},"7":{"name":"calculate","decl":{"start":{"line":111,"column":0},"end":{"line":111,"column":null}},"loc":{"start":{"line":111,"column":0},"end":{"line":133,"column":null}}},"8":{"name":"boardDelet","decl":{"start":{"line":134,"column":0},"end":{"line":134,"column":null}},"loc":{"start":{"line":134,"column":0},"end":{"line":138,"column":null}}},"9":{"name":"somesimple","decl":{"start":{"line":139,"column":0},"end":{"line":139,"column":null}},"loc":{"start":{"line":139,"column":0},"end":{"line":139,"column":null}}}},"branchMap":{"0":{"loc":{"start":{"line":89,"column":0},"end":{"line":89,"column":null}},"type":"cond-expr","locations":[{"start":{"line":89,"column":0},"end":{"line":89,"column":null}},{"start":{"line":89,"column":0},"end":{"line":89,"column":null}}]},"1":{"loc":{"start":{"line":101,"column":0},"end":{"line":105,"column":null}},"type":"if","locations":[{"start":{"line":101,"column":0},"end":{"line":105,"column":null}},{"start":{"line":101,"column":0},"end":{"line":105,"column":null}}]},"2":{"loc":{"start":{"line":111,"column":0},"end":{"line":111,"column":null}},"type":"cond-expr","locations":[{"start":{"line":111,"column":0},"end":{"line":111,"column":null}},{"start":{"line":111,"column":0},"end":{"line":111,"column":null}}]},"3":{"loc":{"start":{"line":114,"column":0},"end":{"line":116,"column":null}},"type":"switch","locations":[{"start":{"line":114,"column":0},"end":{"line":116,"column":null}},{"start":{"line":117,"column":0},"end":{"line":119,"column":null}},{"start":{"line":120,"column":0},"end":{"line":122,"column":null}},{"start":{"line":123,"column":0},"end":{"line":125,"column":null}},{"start":{"line":126,"column":0},"end":{"line":128,"column":null}}]},"4":{"loc":{"start":{"line":135,"column":0},"end":{"line":135,"column":null}},"type":"cond-expr","locations":[{"start":{"line":135,"column":0},"end":{"line":135,"column":null}},{"start":{"line":135,"column":0},"end":{"line":135,"column":null}}]}},"s":{"0":0,"1":0,"2":0,"3":0,"4":0,"5":0,"6":0,"7":0,"8":0,"9":0,"10":0,"11":0,"12":0,"13":0,"14":0,"15":0,"16":0,"17":0,"18":0,"19":0,"20":0,"21":0,"22":0,"23":0},"f":{"0":0,"1":0,"2":0,"3":0,"4":0,"5":0,"6":0,"7":0,"8":0,"9":0},"b":{"0":[0,0],"1":[0,0],"2":[0,0],"3":[0,0,0,0,0],"4":[0,0]}}
}
