TN:
SF:.eslintrc.js
FNF:0
FNH:0
DA:1,0
LF:1
LH:0
BRDA:14,0,0,0
BRDA:14,0,1,0
BRDA:15,1,0,0
BRDA:15,1,1,0
BRF:4
BRH:0
end_of_record
TN:
SF:babel.config.js
FNF:0
FNH:0
DA:1,0
LF:1
LH:0
BRF:0
BRH:0
end_of_record
TN:
SF:src\App.vue
FNF:0
FNH:0
DA:10,0
DA:11,0
LF:2
LH:0
BRF:0
BRH:0
end_of_record
TN:
SF:src\main.js
FN:7,(anonymous_0)
FNF:1
FNH:0
FNDA:0,(anonymous_0)
DA:4,0
DA:6,0
DA:7,0
LF:3
LH:0
BRF:0
BRH:0
end_of_record
TN:
SF:src\components\calculator.vue
FN:74,data
FN:88,boardButton
FN:91,summary
FN:94,subtraction
FN:97,multiply
FN:100,division
FN:107,exponentiation
FN:111,calculate
FN:134,boardDelet
FN:139,somesimple
FNF:10
FNH:0
FNDA:0,data
FNDA:0,boardButton
FNDA:0,summary
FNDA:0,subtraction
FNDA:0,multiply
FNDA:0,division
FNDA:0,exponentiation
FNDA:0,calculate
FNDA:0,boardDelet
FNDA:0,somesimple
DA:75,0
DA:89,0
DA:92,0
DA:95,0
DA:98,0
DA:101,0
DA:102,0
DA:104,0
DA:108,0
DA:111,0
DA:112,0
DA:113,0
DA:115,0
DA:116,0
DA:118,0
DA:119,0
DA:121,0
DA:122,0
DA:124,0
DA:125,0
DA:127,0
DA:128,0
DA:130,0
DA:135,0
LF:24
LH:0
BRDA:89,0,0,0
BRDA:89,0,1,0
BRDA:101,1,0,0
BRDA:101,1,1,0
BRDA:111,2,0,0
BRDA:111,2,1,0
BRDA:114,3,0,0
BRDA:114,3,1,0
BRDA:114,3,2,0
BRDA:114,3,3,0
BRDA:114,3,4,0
BRDA:135,4,0,0
BRDA:135,4,1,0
BRF:13
BRH:0
end_of_record
